0 verbose cli C:\Program Files\nodejs\node.exe C:\Program Files\nodejs\node_modules\npm\bin\npm-cli.js
1 info using npm@11.6.2
2 info using node@v24.11.1
3 silly config load:file:C:\Program Files\nodejs\node_modules\npm\npmrc
4 silly config load:file:C:\Project\SoftwaredsnL\VSCode\Plumbing Services\backend\.npmrc
5 silly config load:file:C:\Users\AI LAB 32\.npmrc
6 silly config load:file:C:\Project\SoftwaredsnL\VSCode\Plumbing Services\backend\%AppData%\npm\etc\npmrc
7 verbose title npm i react-redux redux-thunk
8 verbose argv "i" "react-redux" "redux-thunk"
9 verbose logfile logs-max:10 dir:C:\Project\SoftwaredsnL\VSCode\Plumbing Services\backend\%AppData%\npm-cache\_logs\2026-01-22T11_55_47_328Z-
10 verbose logfile C:\Project\SoftwaredsnL\VSCode\Plumbing Services\backend\%AppData%\npm-cache\_logs\2026-01-22T11_55_47_328Z-debug-0.log
11 silly logfile done cleaning log files
12 silly packumentCache heap:4496293888 maxSize:1124073472 maxEntrySize:562036736
13 silly idealTree buildDeps
14 silly fetch manifest react-redux@*
15 silly packumentCache full:https://registry.npmjs.org/react-redux cache-miss
16 http fetch GET 200 https://registry.npmjs.org/react-redux 206ms (cache miss)
17 silly packumentCache full:https://registry.npmjs.org/react-redux set size:undefined disposed:false
18 silly fetch manifest @types/react@^18.2.25 || ^19
19 silly packumentCache full:https://registry.npmjs.org/@types%2freact cache-miss
20 http fetch GET 200 https://registry.npmjs.org/npm 278ms
21 http fetch GET 200 https://registry.npmjs.org/@types%2freact 147ms (cache miss)
22 silly packumentCache full:https://registry.npmjs.org/@types%2freact set size:undefined disposed:false
23 silly fetch manifest react@^18.0 || ^19
24 silly packumentCache full:https://registry.npmjs.org/react cache-miss
25 http fetch GET 200 https://registry.npmjs.org/react 387ms (cache miss)
26 silly packumentCache full:https://registry.npmjs.org/react set size:undefined disposed:false
27 silly fetch manifest redux@^5.0.0
28 silly packumentCache full:https://registry.npmjs.org/redux cache-miss
29 http fetch GET 200 https://registry.npmjs.org/redux 67ms (cache miss)
30 silly packumentCache full:https://registry.npmjs.org/redux set size:undefined disposed:false
31 silly fetch manifest redux-thunk@*
32 silly packumentCache full:https://registry.npmjs.org/redux-thunk cache-miss
33 http fetch GET 200 https://registry.npmjs.org/redux-thunk 63ms (cache miss)
34 silly packumentCache full:https://registry.npmjs.org/redux-thunk set size:undefined disposed:false
35 silly placeDep ROOT react-redux@9.2.0 OK for:  want: *
36 silly placeDep ROOT react@19.2.3 OK for: react-redux@9.2.0 want: ^18.0 || ^19
37 silly placeDep ROOT redux-thunk@3.1.0 OK for:  want: *
38 silly placeDep ROOT redux@5.0.1 OK for: redux-thunk@3.1.0 want: ^5.0.0
39 silly fetch manifest @types/use-sync-external-store@^0.0.6
40 silly packumentCache full:https://registry.npmjs.org/@types%2fuse-sync-external-store cache-miss
41 silly fetch manifest use-sync-external-store@^1.4.0
42 silly packumentCache full:https://registry.npmjs.org/use-sync-external-store cache-miss
43 http fetch GET 200 https://registry.npmjs.org/@types%2fuse-sync-external-store 77ms (cache miss)
44 silly packumentCache full:https://registry.npmjs.org/@types%2fuse-sync-external-store set size:undefined disposed:false
45 http fetch GET 200 https://registry.npmjs.org/use-sync-external-store 289ms (cache miss)
46 silly packumentCache full:https://registry.npmjs.org/use-sync-external-store set size:undefined disposed:false
47 silly placeDep ROOT @types/use-sync-external-store@0.0.6 OK for: react-redux@9.2.0 want: ^0.0.6
48 silly placeDep ROOT use-sync-external-store@1.6.0 OK for: react-redux@9.2.0 want: ^1.4.0
49 silly reify moves {}
50 http cache use-sync-external-store@https://registry.npmjs.org/use-sync-external-store/-/use-sync-external-store-1.6.0.tgz 0ms (cache hit)
51 http cache @types/use-sync-external-store@https://registry.npmjs.org/@types/use-sync-external-store/-/use-sync-external-store-0.0.6.tgz 0ms (cache hit)
52 http cache redux@https://registry.npmjs.org/redux/-/redux-5.0.1.tgz 0ms (cache hit)
53 http cache redux-thunk@https://registry.npmjs.org/redux-thunk/-/redux-thunk-3.1.0.tgz 0ms (cache hit)
54 http cache react-redux@https://registry.npmjs.org/react-redux/-/react-redux-9.2.0.tgz 0ms (cache hit)
55 http cache react@https://registry.npmjs.org/react/-/react-19.2.3.tgz 0ms (cache hit)
56 silly tarball no local data for use-sync-external-store@https://registry.npmjs.org/use-sync-external-store/-/use-sync-external-store-1.6.0.tgz. Extracting by manifest.
57 silly tarball no local data for @types/use-sync-external-store@https://registry.npmjs.org/@types/use-sync-external-store/-/use-sync-external-store-0.0.6.tgz. Extracting by manifest.
58 silly tarball no local data for redux@https://registry.npmjs.org/redux/-/redux-5.0.1.tgz. Extracting by manifest.
59 silly tarball no local data for redux-thunk@https://registry.npmjs.org/redux-thunk/-/redux-thunk-3.1.0.tgz. Extracting by manifest.
60 silly tarball no local data for react-redux@https://registry.npmjs.org/react-redux/-/react-redux-9.2.0.tgz. Extracting by manifest.
61 silly tarball no local data for react@https://registry.npmjs.org/react/-/react-19.2.3.tgz. Extracting by manifest.
62 http fetch GET 200 https://registry.npmjs.org/@types/use-sync-external-store/-/use-sync-external-store-0.0.6.tgz 81ms (cache miss)
63 http fetch GET 200 https://registry.npmjs.org/use-sync-external-store/-/use-sync-external-store-1.6.0.tgz 85ms (cache miss)
64 http fetch GET 200 https://registry.npmjs.org/redux-thunk/-/redux-thunk-3.1.0.tgz 196ms (cache miss)
65 http fetch GET 200 https://registry.npmjs.org/react/-/react-19.2.3.tgz 213ms (cache miss)
66 http fetch GET 200 https://registry.npmjs.org/react-redux/-/react-redux-9.2.0.tgz 268ms (cache miss)
67 http fetch GET 200 https://registry.npmjs.org/redux/-/redux-5.0.1.tgz 270ms (cache miss)
68 silly ADD node_modules/use-sync-external-store
69 silly ADD node_modules/@types/use-sync-external-store
70 silly ADD node_modules/redux
71 silly ADD node_modules/redux-thunk
72 silly ADD node_modules/react
73 silly ADD node_modules/react-redux
74 verbose cwd C:\Project\SoftwaredsnL\VSCode\Plumbing Services\backend
75 verbose os Windows_NT 10.0.22621
76 verbose node v24.11.1
77 verbose npm  v11.6.2
78 notice
78 notice New [33mminor[39m version of npm available! [33m11.6.2[39m -> [34m11.8.0[39m
78 notice Changelog: [34mhttps://github.com/npm/cli/releases/tag/v11.8.0[39m
78 notice To update run: [4mnpm install -g npm@11.8.0[24m
78 notice  { force: true, Symbol(proc-log.meta): true }
79 verbose exit 0
80 info ok
