0 verbose cli C:\Program Files\nodejs\node.exe C:\Program Files\nodejs\node_modules\npm\bin\npm-cli.js
1 info using npm@11.6.2
2 info using node@v24.11.1
3 silly config load:file:C:\Program Files\nodejs\node_modules\npm\npmrc
4 silly config load:file:C:\Project\SoftwaredsnL\VSCode\Plumbing Services\backend\.npmrc
5 silly config load:file:C:\Users\AI LAB 32\.npmrc
6 silly config load:file:C:\Project\SoftwaredsnL\VSCode\Plumbing Services\backend\%AppData%\npm\etc\npmrc
7 verbose title npm i axios
8 verbose argv "i" "axios"
9 verbose logfile logs-max:10 dir:C:\Project\SoftwaredsnL\VSCode\Plumbing Services\backend\%AppData%\npm-cache\_logs\2026-01-22T11_55_52_528Z-
10 verbose logfile C:\Project\SoftwaredsnL\VSCode\Plumbing Services\backend\%AppData%\npm-cache\_logs\2026-01-22T11_55_52_528Z-debug-0.log
11 silly logfile done cleaning log files
12 silly packumentCache heap:4496293888 maxSize:1124073472 maxEntrySize:562036736
13 silly idealTree buildDeps
14 silly fetch manifest axios@*
15 silly packumentCache full:https://registry.npmjs.org/axios cache-miss
16 http fetch GET 200 https://registry.npmjs.org/axios 219ms (cache miss)
17 silly packumentCache full:https://registry.npmjs.org/axios set size:undefined disposed:false
18 silly placeDep ROOT axios@1.13.2 OK for:  want: *
19 silly fetch manifest follow-redirects@^1.15.6
20 silly packumentCache full:https://registry.npmjs.org/follow-redirects cache-miss
21 silly fetch manifest form-data@^4.0.4
22 silly packumentCache full:https://registry.npmjs.org/form-data cache-miss
23 silly fetch manifest proxy-from-env@^1.1.0
24 silly packumentCache full:https://registry.npmjs.org/proxy-from-env cache-miss
25 http fetch GET 200 https://registry.npmjs.org/follow-redirects 76ms (cache miss)
26 silly packumentCache full:https://registry.npmjs.org/follow-redirects set size:undefined disposed:false
27 http fetch GET 200 https://registry.npmjs.org/proxy-from-env 174ms (cache miss)
28 silly packumentCache full:https://registry.npmjs.org/proxy-from-env set size:undefined disposed:false
29 http fetch GET 200 https://registry.npmjs.org/form-data 175ms (cache miss)
30 silly packumentCache full:https://registry.npmjs.org/form-data set size:undefined disposed:false
31 silly placeDep ROOT follow-redirects@1.15.11 OK for: axios@1.13.2 want: ^1.15.6
32 silly placeDep ROOT form-data@4.0.5 OK for: axios@1.13.2 want: ^4.0.4
33 silly placeDep ROOT proxy-from-env@1.1.0 OK for: axios@1.13.2 want: ^1.1.0
34 silly fetch manifest asynckit@^0.4.0
35 silly packumentCache full:https://registry.npmjs.org/asynckit cache-miss
36 silly fetch manifest combined-stream@^1.0.8
37 silly packumentCache full:https://registry.npmjs.org/combined-stream cache-miss
38 silly fetch manifest es-set-tostringtag@^2.1.0
39 silly packumentCache full:https://registry.npmjs.org/es-set-tostringtag cache-miss
40 silly fetch manifest hasown@^2.0.2
41 silly packumentCache full:https://registry.npmjs.org/hasown cache-miss
42 silly fetch manifest mime-types@^2.1.12
43 silly packumentCache full:https://registry.npmjs.org/mime-types cache-miss
44 http fetch GET 200 https://registry.npmjs.org/combined-stream 72ms (cache miss)
45 silly packumentCache full:https://registry.npmjs.org/combined-stream set size:undefined disposed:false
46 http fetch GET 200 https://registry.npmjs.org/asynckit 83ms (cache miss)
47 silly packumentCache full:https://registry.npmjs.org/asynckit set size:undefined disposed:false
48 http fetch GET 200 https://registry.npmjs.org/es-set-tostringtag 83ms (cache miss)
49 silly packumentCache full:https://registry.npmjs.org/es-set-tostringtag set size:undefined disposed:false
50 http fetch GET 200 https://registry.npmjs.org/hasown 176ms (cache miss)
51 silly packumentCache full:https://registry.npmjs.org/hasown set size:undefined disposed:false
52 http fetch GET 200 https://registry.npmjs.org/mime-types 179ms (cache miss)
53 silly packumentCache full:https://registry.npmjs.org/mime-types set size:undefined disposed:false
54 silly placeDep ROOT asynckit@0.4.0 OK for: form-data@4.0.5 want: ^0.4.0
55 silly placeDep ROOT combined-stream@1.0.8 OK for: form-data@4.0.5 want: ^1.0.8
56 silly placeDep ROOT es-set-tostringtag@2.1.0 OK for: form-data@4.0.5 want: ^2.1.0
57 silly placeDep ROOT hasown@2.0.2 OK for: form-data@4.0.5 want: ^2.0.2
58 silly placeDep ROOT mime-types@2.1.35 OK for: form-data@4.0.5 want: ^2.1.12
59 silly fetch manifest delayed-stream@~1.0.0
60 silly packumentCache full:https://registry.npmjs.org/delayed-stream cache-miss
61 silly fetch manifest es-errors@^1.3.0
62 silly packumentCache full:https://registry.npmjs.org/es-errors cache-miss
63 silly fetch manifest get-intrinsic@^1.2.6
64 silly packumentCache full:https://registry.npmjs.org/get-intrinsic cache-miss
65 silly fetch manifest has-tostringtag@^1.0.2
66 silly packumentCache full:https://registry.npmjs.org/has-tostringtag cache-miss
67 silly fetch manifest function-bind@^1.1.2
68 silly packumentCache full:https://registry.npmjs.org/function-bind cache-miss
69 silly fetch manifest mime-db@1.52.0
70 silly packumentCache full:https://registry.npmjs.org/mime-db cache-miss
71 http fetch GET 200 https://registry.npmjs.org/has-tostringtag 63ms (cache miss)
72 silly packumentCache full:https://registry.npmjs.org/has-tostringtag set size:undefined disposed:false
73 http fetch GET 200 https://registry.npmjs.org/get-intrinsic 65ms (cache miss)
74 silly packumentCache full:https://registry.npmjs.org/get-intrinsic set size:undefined disposed:false
75 http fetch GET 200 https://registry.npmjs.org/function-bind 66ms (cache miss)
76 silly packumentCache full:https://registry.npmjs.org/function-bind set size:undefined disposed:false
77 http fetch GET 200 https://registry.npmjs.org/es-errors 67ms (cache miss)
78 silly packumentCache full:https://registry.npmjs.org/es-errors set size:undefined disposed:false
79 http fetch GET 200 https://registry.npmjs.org/delayed-stream 82ms (cache miss)
80 silly packumentCache full:https://registry.npmjs.org/delayed-stream set size:undefined disposed:false
81 http fetch GET 200 https://registry.npmjs.org/mime-db 175ms (cache miss)
82 silly packumentCache full:https://registry.npmjs.org/mime-db set size:undefined disposed:false
83 silly placeDep ROOT delayed-stream@1.0.0 OK for: combined-stream@1.0.8 want: ~1.0.0
84 silly placeDep ROOT es-errors@1.3.0 OK for: es-set-tostringtag@2.1.0 want: ^1.3.0
85 silly placeDep ROOT get-intrinsic@1.3.0 OK for: es-set-tostringtag@2.1.0 want: ^1.2.6
86 silly placeDep ROOT has-tostringtag@1.0.2 OK for: es-set-tostringtag@2.1.0 want: ^1.0.2
87 silly fetch manifest gopd@^1.2.0
88 silly packumentCache full:https://registry.npmjs.org/gopd cache-miss
89 silly fetch manifest get-proto@^1.0.1
90 silly packumentCache full:https://registry.npmjs.org/get-proto cache-miss
91 silly fetch manifest has-symbols@^1.1.0
92 silly packumentCache full:https://registry.npmjs.org/has-symbols cache-miss
93 silly fetch manifest es-object-atoms@^1.1.1
94 silly packumentCache full:https://registry.npmjs.org/es-object-atoms cache-miss
95 silly fetch manifest math-intrinsics@^1.1.0
96 silly packumentCache full:https://registry.npmjs.org/math-intrinsics cache-miss
97 silly fetch manifest es-define-property@^1.0.1
98 silly packumentCache full:https://registry.npmjs.org/es-define-property cache-miss
99 silly fetch manifest call-bind-apply-helpers@^1.0.2
100 silly packumentCache full:https://registry.npmjs.org/call-bind-apply-helpers cache-miss
101 silly fetch manifest has-symbols@^1.0.3
102 silly packumentCache full:https://registry.npmjs.org/has-symbols cache-miss
103 http fetch GET 200 https://registry.npmjs.org/call-bind-apply-helpers 65ms (cache miss)
104 silly packumentCache full:https://registry.npmjs.org/call-bind-apply-helpers set size:undefined disposed:false
105 http fetch GET 200 https://registry.npmjs.org/get-proto 67ms (cache miss)
106 silly packumentCache full:https://registry.npmjs.org/get-proto set size:undefined disposed:false
107 http fetch GET 200 https://registry.npmjs.org/es-object-atoms 67ms (cache miss)
108 silly packumentCache full:https://registry.npmjs.org/es-object-atoms set size:undefined disposed:false
109 http fetch GET 200 https://registry.npmjs.org/gopd 68ms (cache miss)
110 silly packumentCache full:https://registry.npmjs.org/gopd set size:undefined disposed:false
111 http fetch GET 200 https://registry.npmjs.org/math-intrinsics 67ms (cache miss)
112 silly packumentCache full:https://registry.npmjs.org/math-intrinsics set size:undefined disposed:false
113 http fetch GET 200 https://registry.npmjs.org/has-symbols 74ms (cache miss)
114 silly packumentCache full:https://registry.npmjs.org/has-symbols set size:undefined disposed:false
115 http fetch GET 200 https://registry.npmjs.org/has-symbols 172ms (cache miss)
116 silly packumentCache full:https://registry.npmjs.org/has-symbols set size:undefined disposed:false
117 http fetch GET 200 https://registry.npmjs.org/es-define-property 176ms (cache miss)
118 silly packumentCache full:https://registry.npmjs.org/es-define-property set size:undefined disposed:false
119 silly placeDep ROOT call-bind-apply-helpers@1.0.2 OK for: get-intrinsic@1.3.0 want: ^1.0.2
120 silly placeDep ROOT es-define-property@1.0.1 OK for: get-intrinsic@1.3.0 want: ^1.0.1
121 silly placeDep ROOT es-object-atoms@1.1.1 OK for: get-intrinsic@1.3.0 want: ^1.1.1
122 silly placeDep ROOT function-bind@1.1.2 OK for: get-intrinsic@1.3.0 want: ^1.1.2
123 silly placeDep ROOT get-proto@1.0.1 OK for: get-intrinsic@1.3.0 want: ^1.0.1
124 silly placeDep ROOT gopd@1.2.0 OK for: get-intrinsic@1.3.0 want: ^1.2.0
125 silly placeDep ROOT has-symbols@1.1.0 OK for: get-intrinsic@1.3.0 want: ^1.1.0
126 silly placeDep ROOT math-intrinsics@1.1.0 OK for: get-intrinsic@1.3.0 want: ^1.1.0
127 silly fetch manifest dunder-proto@^1.0.1
128 silly packumentCache full:https://registry.npmjs.org/dunder-proto cache-miss
129 http fetch GET 200 https://registry.npmjs.org/dunder-proto 83ms (cache miss)
130 silly packumentCache full:https://registry.npmjs.org/dunder-proto set size:undefined disposed:false
131 silly placeDep ROOT dunder-proto@1.0.1 OK for: get-proto@1.0.1 want: ^1.0.1
132 silly placeDep ROOT mime-db@1.52.0 OK for: mime-types@2.1.35 want: 1.52.0
133 silly reify moves {}
134 silly audit bulk request {
134 silly audit   '@types/use-sync-external-store': [ '0.0.6' ],
134 silly audit   react: [ '19.2.3' ],
134 silly audit   'react-redux': [ '9.2.0' ],
134 silly audit   redux: [ '5.0.1' ],
134 silly audit   'redux-thunk': [ '3.1.0' ],
134 silly audit   'use-sync-external-store': [ '1.6.0' ],
134 silly audit   axios: [ '1.13.2' ],
134 silly audit   'follow-redirects': [ '1.15.11' ],
134 silly audit   'form-data': [ '4.0.5' ],
134 silly audit   'proxy-from-env': [ '1.1.0' ],
134 silly audit   asynckit: [ '0.4.0' ],
134 silly audit   'combined-stream': [ '1.0.8' ],
134 silly audit   'es-set-tostringtag': [ '2.1.0' ],
134 silly audit   hasown: [ '2.0.2' ],
134 silly audit   'mime-types': [ '2.1.35' ],
134 silly audit   'delayed-stream': [ '1.0.0' ],
134 silly audit   'es-errors': [ '1.3.0' ],
134 silly audit   'get-intrinsic': [ '1.3.0' ],
134 silly audit   'has-tostringtag': [ '1.0.2' ],
134 silly audit   'call-bind-apply-helpers': [ '1.0.2' ],
134 silly audit   'es-define-property': [ '1.0.1' ],
134 silly audit   'es-object-atoms': [ '1.1.1' ],
134 silly audit   'function-bind': [ '1.1.2' ],
134 silly audit   'get-proto': [ '1.0.1' ],
134 silly audit   gopd: [ '1.2.0' ],
134 silly audit   'has-symbols': [ '1.1.0' ],
134 silly audit   'math-intrinsics': [ '1.1.0' ],
134 silly audit   'dunder-proto': [ '1.0.1' ],
134 silly audit   'mime-db': [ '1.52.0' ]
134 silly audit }
135 http cache mime-db@https://registry.npmjs.org/mime-db/-/mime-db-1.52.0.tgz 0ms (cache hit)
136 http cache dunder-proto@https://registry.npmjs.org/dunder-proto/-/dunder-proto-1.0.1.tgz 0ms (cache hit)
137 http cache math-intrinsics@https://registry.npmjs.org/math-intrinsics/-/math-intrinsics-1.1.0.tgz 0ms (cache hit)
138 http cache has-symbols@https://registry.npmjs.org/has-symbols/-/has-symbols-1.1.0.tgz 0ms (cache hit)
139 http cache gopd@https://registry.npmjs.org/gopd/-/gopd-1.2.0.tgz 0ms (cache hit)
140 http cache get-proto@https://registry.npmjs.org/get-proto/-/get-proto-1.0.1.tgz 0ms (cache hit)
141 http cache function-bind@https://registry.npmjs.org/function-bind/-/function-bind-1.1.2.tgz 0ms (cache hit)
142 http cache es-object-atoms@https://registry.npmjs.org/es-object-atoms/-/es-object-atoms-1.1.1.tgz 0ms (cache hit)
143 http cache es-define-property@https://registry.npmjs.org/es-define-property/-/es-define-property-1.0.1.tgz 0ms (cache hit)
144 http cache call-bind-apply-helpers@https://registry.npmjs.org/call-bind-apply-helpers/-/call-bind-apply-helpers-1.0.2.tgz 0ms (cache hit)
145 http cache has-tostringtag@https://registry.npmjs.org/has-tostringtag/-/has-tostringtag-1.0.2.tgz 0ms (cache hit)
146 http cache get-intrinsic@https://registry.npmjs.org/get-intrinsic/-/get-intrinsic-1.3.0.tgz 0ms (cache hit)
147 http cache es-errors@https://registry.npmjs.org/es-errors/-/es-errors-1.3.0.tgz 0ms (cache hit)
148 http cache mime-types@https://registry.npmjs.org/mime-types/-/mime-types-2.1.35.tgz 0ms (cache hit)
149 http cache es-set-tostringtag@https://registry.npmjs.org/es-set-tostringtag/-/es-set-tostringtag-2.1.0.tgz 0ms (cache hit)
150 http cache delayed-stream@https://registry.npmjs.org/delayed-stream/-/delayed-stream-1.0.0.tgz 0ms (cache hit)
151 http cache hasown@https://registry.npmjs.org/hasown/-/hasown-2.0.2.tgz 0ms (cache hit)
152 http cache combined-stream@https://registry.npmjs.org/combined-stream/-/combined-stream-1.0.8.tgz 0ms (cache hit)
153 http cache asynckit@https://registry.npmjs.org/asynckit/-/asynckit-0.4.0.tgz 0ms (cache hit)
154 http cache form-data@https://registry.npmjs.org/form-data/-/form-data-4.0.5.tgz 0ms (cache hit)
155 http cache proxy-from-env@https://registry.npmjs.org/proxy-from-env/-/proxy-from-env-1.1.0.tgz 0ms (cache hit)
156 http cache follow-redirects@https://registry.npmjs.org/follow-redirects/-/follow-redirects-1.15.11.tgz 0ms (cache hit)
157 http cache axios@https://registry.npmjs.org/axios/-/axios-1.13.2.tgz 0ms (cache hit)
158 silly tarball no local data for mime-db@https://registry.npmjs.org/mime-db/-/mime-db-1.52.0.tgz. Extracting by manifest.
159 silly tarball no local data for dunder-proto@https://registry.npmjs.org/dunder-proto/-/dunder-proto-1.0.1.tgz. Extracting by manifest.
160 silly tarball no local data for math-intrinsics@https://registry.npmjs.org/math-intrinsics/-/math-intrinsics-1.1.0.tgz. Extracting by manifest.
161 silly tarball no local data for has-symbols@https://registry.npmjs.org/has-symbols/-/has-symbols-1.1.0.tgz. Extracting by manifest.
162 silly tarball no local data for gopd@https://registry.npmjs.org/gopd/-/gopd-1.2.0.tgz. Extracting by manifest.
163 silly tarball no local data for get-proto@https://registry.npmjs.org/get-proto/-/get-proto-1.0.1.tgz. Extracting by manifest.
164 silly tarball no local data for function-bind@https://registry.npmjs.org/function-bind/-/function-bind-1.1.2.tgz. Extracting by manifest.
165 silly tarball no local data for es-object-atoms@https://registry.npmjs.org/es-object-atoms/-/es-object-atoms-1.1.1.tgz. Extracting by manifest.
166 silly tarball no local data for es-define-property@https://registry.npmjs.org/es-define-property/-/es-define-property-1.0.1.tgz. Extracting by manifest.
167 silly tarball no local data for call-bind-apply-helpers@https://registry.npmjs.org/call-bind-apply-helpers/-/call-bind-apply-helpers-1.0.2.tgz. Extracting by manifest.
168 silly tarball no local data for has-tostringtag@https://registry.npmjs.org/has-tostringtag/-/has-tostringtag-1.0.2.tgz. Extracting by manifest.
169 silly tarball no local data for get-intrinsic@https://registry.npmjs.org/get-intrinsic/-/get-intrinsic-1.3.0.tgz. Extracting by manifest.
170 silly tarball no local data for es-errors@https://registry.npmjs.org/es-errors/-/es-errors-1.3.0.tgz. Extracting by manifest.
171 silly tarball no local data for mime-types@https://registry.npmjs.org/mime-types/-/mime-types-2.1.35.tgz. Extracting by manifest.
172 silly tarball no local data for es-set-tostringtag@https://registry.npmjs.org/es-set-tostringtag/-/es-set-tostringtag-2.1.0.tgz. Extracting by manifest.
173 silly tarball no local data for delayed-stream@https://registry.npmjs.org/delayed-stream/-/delayed-stream-1.0.0.tgz. Extracting by manifest.
174 silly tarball no local data for hasown@https://registry.npmjs.org/hasown/-/hasown-2.0.2.tgz. Extracting by manifest.
175 silly tarball no local data for combined-stream@https://registry.npmjs.org/combined-stream/-/combined-stream-1.0.8.tgz. Extracting by manifest.
176 silly tarball no local data for asynckit@https://registry.npmjs.org/asynckit/-/asynckit-0.4.0.tgz. Extracting by manifest.
177 silly tarball no local data for form-data@https://registry.npmjs.org/form-data/-/form-data-4.0.5.tgz. Extracting by manifest.
178 silly tarball no local data for proxy-from-env@https://registry.npmjs.org/proxy-from-env/-/proxy-from-env-1.1.0.tgz. Extracting by manifest.
179 silly tarball no local data for follow-redirects@https://registry.npmjs.org/follow-redirects/-/follow-redirects-1.15.11.tgz. Extracting by manifest.
180 silly tarball no local data for axios@https://registry.npmjs.org/axios/-/axios-1.13.2.tgz. Extracting by manifest.
181 http fetch GET 200 https://registry.npmjs.org/gopd/-/gopd-1.2.0.tgz 116ms (cache miss)
182 http fetch GET 200 https://registry.npmjs.org/mime-db/-/mime-db-1.52.0.tgz 121ms (cache miss)
183 http fetch GET 200 https://registry.npmjs.org/function-bind/-/function-bind-1.1.2.tgz 120ms (cache miss)
184 http fetch GET 200 https://registry.npmjs.org/get-proto/-/get-proto-1.0.1.tgz 121ms (cache miss)
185 http fetch GET 200 https://registry.npmjs.org/dunder-proto/-/dunder-proto-1.0.1.tgz 122ms (cache miss)
186 http fetch GET 200 https://registry.npmjs.org/has-symbols/-/has-symbols-1.1.0.tgz 129ms (cache miss)
187 http fetch GET 200 https://registry.npmjs.org/es-set-tostringtag/-/es-set-tostringtag-2.1.0.tgz 148ms (cache miss)
188 http fetch GET 200 https://registry.npmjs.org/delayed-stream/-/delayed-stream-1.0.0.tgz 148ms (cache miss)
189 http fetch GET 200 https://registry.npmjs.org/hasown/-/hasown-2.0.2.tgz 149ms (cache miss)
190 http fetch GET 200 https://registry.npmjs.org/proxy-from-env/-/proxy-from-env-1.1.0.tgz 148ms (cache miss)
191 http fetch GET 200 https://registry.npmjs.org/combined-stream/-/combined-stream-1.0.8.tgz 151ms (cache miss)
192 http fetch GET 200 https://registry.npmjs.org/form-data/-/form-data-4.0.5.tgz 152ms (cache miss)
193 http fetch GET 200 https://registry.npmjs.org/math-intrinsics/-/math-intrinsics-1.1.0.tgz 160ms (cache miss)
194 http fetch GET 200 https://registry.npmjs.org/asynckit/-/asynckit-0.4.0.tgz 160ms (cache miss)
195 http fetch GET 200 https://registry.npmjs.org/es-define-property/-/es-define-property-1.0.1.tgz 175ms (cache miss)
196 http fetch GET 200 https://registry.npmjs.org/es-errors/-/es-errors-1.3.0.tgz 192ms (cache miss)
197 http fetch GET 200 https://registry.npmjs.org/mime-types/-/mime-types-2.1.35.tgz 198ms (cache miss)
198 http fetch GET 200 https://registry.npmjs.org/follow-redirects/-/follow-redirects-1.15.11.tgz 196ms (cache miss)
199 http fetch GET 200 https://registry.npmjs.org/call-bind-apply-helpers/-/call-bind-apply-helpers-1.0.2.tgz 205ms (cache miss)
200 http fetch GET 200 https://registry.npmjs.org/get-intrinsic/-/get-intrinsic-1.3.0.tgz 209ms (cache miss)
201 http fetch GET 200 https://registry.npmjs.org/es-object-atoms/-/es-object-atoms-1.1.1.tgz 216ms (cache miss)
202 http fetch POST 200 https://registry.npmjs.org/-/npm/v1/security/advisories/bulk 243ms
203 silly audit report {}
204 http fetch GET 200 https://registry.npmjs.org/has-tostringtag/-/has-tostringtag-1.0.2.tgz 270ms (cache miss)
205 http fetch GET 200 https://registry.npmjs.org/axios/-/axios-1.13.2.tgz 472ms (cache miss)
206 silly ADD node_modules/mime-db
207 silly ADD node_modules/dunder-proto
208 silly ADD node_modules/math-intrinsics
209 silly ADD node_modules/has-symbols
210 silly ADD node_modules/gopd
211 silly ADD node_modules/get-proto
212 silly ADD node_modules/function-bind
213 silly ADD node_modules/es-object-atoms
214 silly ADD node_modules/es-define-property
215 silly ADD node_modules/call-bind-apply-helpers
216 silly ADD node_modules/has-tostringtag
217 silly ADD node_modules/get-intrinsic
218 silly ADD node_modules/es-errors
219 silly ADD node_modules/delayed-stream
220 silly ADD node_modules/mime-types
221 silly ADD node_modules/hasown
222 silly ADD node_modules/es-set-tostringtag
223 silly ADD node_modules/combined-stream
224 silly ADD node_modules/asynckit
225 silly ADD node_modules/proxy-from-env
226 silly ADD node_modules/form-data
227 silly ADD node_modules/follow-redirects
228 silly ADD node_modules/axios
229 verbose cwd C:\Project\SoftwaredsnL\VSCode\Plumbing Services\backend
230 verbose os Windows_NT 10.0.22621
231 verbose node v24.11.1
232 verbose npm  v11.6.2
233 verbose exit 0
234 info ok
